2021-01-30 13:40:07,917 - instabot version: 0.117.0 (bot) - INFO - Instabot version: 0.117.0 Started
2021-01-30 13:40:07,917 - instabot version: 0.117.0 (bot) - DEBUG - Bot imported from /home/evazs/anaconda3/lib/python3.7/site-packages/instabot/bot/bot.py
2021-01-30 13:40:07,918 - instabot version: 0.117.0 (api_login) - DEBUG - Loading cookies
2021-01-30 13:40:07,918 - instabot version: 0.117.0 (api_login) - DEBUG - Loading uuids
2021-01-30 13:40:07,918 - instabot version: 0.117.0 (api_login) - INFO - Recovery from /home/evazs/Desktop/Python Automation/Post/config/marketinginnepal_uuid_and_cookie.json: COOKIE True - UUIDs True - TIMING, DEVICE and ...
- user-agent=Instagram 117.0.0.28.123 Android (28/9.0; 420dpi; 1080x1920; OnePlus; ONEPLUS A3003; OnePlus3; qcom; en_US; 180322800)
- phone_id=d49504a4-8336-4389-a4b7-f0bd8c14ebd7
- uuid=2bfda828-9cc2-465c-9616-81e34eec9230
- client_session_id=787453fd-3154-476f-aa1b-570ce0941c28
- device_id=android-da2adf4ca493a558
2021-01-30 13:40:07,918 - instabot version: 0.117.0 (api_login) - INFO - LOGIN FLOW! Just logged-in: False
2021-01-30 13:40:10,497 - instabot version: 0.117.0 (api) - DEBUG - POST to endpoint: feed/timeline/ returned response: <Response [200]>
2021-01-30 13:40:11,371 - instabot version: 0.117.0 (api) - DEBUG - POST to endpoint: feed/reels_tray/ returned response: <Response [200]>
2021-01-30 13:40:12,463 - instabot version: 0.117.0 (api) - DEBUG - POST to endpoint: direct_v2/ranked_recipients/ returned response: <Response [200]>
2021-01-30 13:40:13,195 - instabot version: 0.117.0 (api) - DEBUG - POST to endpoint: direct_v2/ranked_recipients/ returned response: <Response [200]>
2021-01-30 13:40:14,115 - instabot version: 0.117.0 (api) - DEBUG - POST to endpoint: direct_v2/inbox/ returned response: <Response [200]>
2021-01-30 13:40:15,268 - instabot version: 0.117.0 (api) - DEBUG - GET to endpoint: direct_v2/get_presence/ returned response: <Response [200]>
2021-01-30 13:40:16,728 - instabot version: 0.117.0 (api) - DEBUG - GET to endpoint: news/inbox/?limited_activity=true&show_su=true returned response: <Response [200]>
2021-01-30 13:40:17,421 - instabot version: 0.117.0 (api) - DEBUG - GET to endpoint: users/profile_notice/ returned response: <Response [200]>
2021-01-30 13:40:19,634 - instabot version: 0.117.0 (api) - DEBUG - POST to endpoint: discover/explore/ returned response: <Response [200]>
2021-01-30 13:40:19,643 - instabot version: 0.117.0 (api) - INFO - Logged-in successfully as 'marketinginnepal'!
2021-01-30 13:40:19,643 - instabot version: 0.117.0 (bot_checkpoint) - DEBUG - Loading Checkpoint file from: /home/evazs/Desktop/Python Automation/Post/config/marketinginnepal.checkpoint
2021-01-30 13:40:19,644 - instabot version: 0.117.0 (bot_checkpoint) - DEBUG - Saving Checkpoint file to: /home/evazs/Desktop/Python Automation/Post/config/marketinginnepal.checkpoint
2021-01-30 13:40:19,645 - instabot version: 0.117.0 (bot) - INFO - Total requests: 31
